<?xml version="1.0" encoding="UTF-8"?>
<!-- Generated by org.testng.reporters.JUnitXMLReporter -->
<testsuite ignored="0" hostname="LAPTOP-477EEVIP" failures="0" tests="3" name="Default test" time="10.455" errors="0" timestamp="2026-01-12T23:50:40 IST">
  <testcase classname="testng.Paytm" name="header" time="0.091"/>
  <testcase classname="testng.Paytm" name="rechargeOption" time="2.36"/>
  <testcase classname="testng.Paytm" name="verifyInsurance" time="2.89"/>
</testsuite> <!-- Default test -->
