<?xml version="1.0" encoding="UTF-8"?>
<!-- Generated by org.testng.reporters.JUnitXMLReporter -->
<testsuite ignored="0" hostname="LAPTOP-477EEVIP" failures="0" tests="7" name="Test" time="0.103" errors="0" timestamp="2026-01-12T14:48:32 IST">
  <testcase classname="testng.Basictest2" name="test5" time="0.021"/>
  <testcase classname="testng.Basictest2" name="test6" time="0.003"/>
  <testcase classname="testng.Basictest2" name="test7" time="0.001"/>
  <testcase classname="testng.Basictest2" name="test8" time="0.002"/>
  <testcase classname="testng.Basicone" name="test1" time="0.001"/>
  <testcase classname="testng.Basicone" name="test2" time="0.001"/>
  <testcase classname="testng.Basicone" name="test3" time="0.002"/>
</testsuite> <!-- Test -->
