<?xml version="1.0" encoding="UTF-8"?>
<testng-results ignored="0" total="3" passed="3" failed="0" skipped="0">
  <reporter-output>
  </reporter-output>
  <suite started-at="2026-01-12T23:50:30 IST" name="Default suite" finished-at="2026-01-12T23:50:40 IST" duration-ms="10455">
    <groups>
    </groups>
    <test started-at="2026-01-12T23:50:30 IST" name="Default test" finished-at="2026-01-12T23:50:40 IST" duration-ms="10455">
      <class name="testng.Paytm">
        <test-method is-config="true" signature="setUp()[pri:0, instance:testng.Paytm@87a85e1]" started-at="2026-01-12T23:50:30 IST" name="setUp" finished-at="2026-01-12T23:50:34 IST" duration-ms="4770" status="PASS">
          <reporter-output>
          </reporter-output>
        </test-method> <!-- setUp -->
        <test-method signature="header()[pri:1, instance:testng.Paytm@87a85e1]" started-at="2026-01-12T23:50:35 IST" name="header" finished-at="2026-01-12T23:50:35 IST" duration-ms="91" status="PASS">
          <reporter-output>
          </reporter-output>
        </test-method> <!-- header -->
        <test-method signature="rechargeOption()[pri:2, instance:testng.Paytm@87a85e1]" started-at="2026-01-12T23:50:35 IST" name="rechargeOption" finished-at="2026-01-12T23:50:37 IST" duration-ms="2360" status="PASS">
          <reporter-output>
          </reporter-output>
        </test-method> <!-- rechargeOption -->
        <test-method signature="verifyInsurance()[pri:3, instance:testng.Paytm@87a85e1]" started-at="2026-01-12T23:50:37 IST" name="verifyInsurance" finished-at="2026-01-12T23:50:40 IST" duration-ms="2890" status="PASS">
          <reporter-output>
          </reporter-output>
        </test-method> <!-- verifyInsurance -->
        <test-method is-config="true" signature="tearDown()[pri:0, instance:testng.Paytm@87a85e1]" started-at="2026-01-12T23:50:40 IST" name="tearDown" finished-at="2026-01-12T23:50:40 IST" duration-ms="248" status="PASS">
          <reporter-output>
          </reporter-output>
        </test-method> <!-- tearDown -->
      </class> <!-- testng.Paytm -->
    </test> <!-- Default test -->
  </suite> <!-- Default suite -->
</testng-results>
