<?xml version="1.0" encoding="UTF-8"?>
<testng-results ignored="0" total="2" passed="2" failed="0" skipped="0">
  <reporter-output>
  </reporter-output>
  <suite started-at="2026-01-12T16:15:32 IST" name="Default suite" finished-at="2026-01-12T16:15:44 IST" duration-ms="11724">
    <groups>
    </groups>
    <test started-at="2026-01-12T16:15:32 IST" name="Default test" finished-at="2026-01-12T16:15:44 IST" duration-ms="11724">
      <class name="testng.Flipkart">
        <test-method signature="launch()[pri:1, instance:testng.Flipkart@1ebd319f]" started-at="2026-01-12T16:15:32 IST" name="launch" finished-at="2026-01-12T16:15:44 IST" duration-ms="11602" status="PASS">
          <reporter-output>
          </reporter-output>
        </test-method> <!-- launch -->
        <test-method signature="findNumberofIteams()[pri:0, instance:testng.Flipkart@1ebd319f]" started-at="2026-01-12T16:15:44 IST" name="findNumberofIteams" finished-at="2026-01-12T16:15:44 IST" depends-on-methods="testng.Flipkart.launch" duration-ms="53" status="PASS">
          <reporter-output>
          </reporter-output>
        </test-method> <!-- findNumberofIteams -->
      </class> <!-- testng.Flipkart -->
    </test> <!-- Default test -->
  </suite> <!-- Default suite -->
</testng-results>
