<?xml version="1.0" encoding="UTF-8"?>
<!-- Generated by org.testng.reporters.JUnitReportReporter -->
<testsuite hostname="LAPTOP-477EEVIP" failures="0" tests="4" name="testng.Basictest2" time="0.027" errors="0" timestamp="2026-01-12T14:48:32 IST" skipped="0">
  <testcase classname="testng.Basictest2" name="test6" time="0.003"/>
  <testcase classname="testng.Basictest2" name="test8" time="0.002"/>
  <testcase classname="testng.Basictest2" name="test5" time="0.021"/>
  <testcase classname="testng.Basictest2" name="test7" time="0.001"/>
</testsuite> <!-- testng.Basictest2 -->
