<?xml version="1.0" encoding="UTF-8"?>
<!-- Generated by org.testng.reporters.JUnitReportReporter -->
<testsuite hostname="LAPTOP-477EEVIP" failures="0" tests="3" name="testng.Basicone" time="0.004" errors="0" timestamp="2026-01-12T14:48:32 IST" skipped="0">
  <testcase classname="testng.Basicone" name="test1" time="0.001"/>
  <testcase classname="testng.Basicone" name="test3" time="0.002"/>
  <testcase classname="testng.Basicone" name="test2" time="0.001"/>
</testsuite> <!-- testng.Basicone -->
