<?xml version="1.0" encoding="UTF-8"?>
<!-- Generated by org.testng.reporters.JUnitReportReporter -->
<testsuite hostname="LAPTOP-477EEVIP" failures="0" tests="3" name="testng.Paytm" time="5.341" errors="0" timestamp="2026-01-12T23:50:40 IST" skipped="0">
  <testcase classname="testng.Paytm" name="header" time="0.091"/>
  <testcase classname="testng.Paytm" name="rechargeOption" time="2.360"/>
  <testcase classname="testng.Paytm" name="verifyInsurance" time="2.890"/>
</testsuite> <!-- testng.Paytm -->
